<?xml version="1.0" encoding="UTF-8"?>
<robot generator="Robot 6.1.1 (Python 3.11.5 on win32)" generated="20240728 14:06:13.896" rpa="false" schemaversion="4">
<suite id="s1" name="Test" source="C:\Users\Nish\Documents\Robot Framework\Basic Framework_Demo\test.robot">
<test id="s1-t1" name="TC001 - Testcase 1" line="7">
<kw name="Do Something">
<kw name="Log" library="BuiltIn">
<arg>I am doing something</arg>
<doc>Logs the given message with the given level.</doc>
<msg timestamp="20240728 14:06:13.952" level="INFO">I am doing something</msg>
<status status="PASS" starttime="20240728 14:06:13.952" endtime="20240728 14:06:13.952"/>
</kw>
<status status="PASS" starttime="20240728 14:06:13.952" endtime="20240728 14:06:13.953"/>
</kw>
<kw name="Do Something Else">
<kw name="Log" library="BuiltIn">
<arg>I am doing something Else</arg>
<doc>Logs the given message with the given level.</doc>
<msg timestamp="20240728 14:06:13.953" level="INFO">I am doing something Else</msg>
<status status="PASS" starttime="20240728 14:06:13.953" endtime="20240728 14:06:13.953"/>
</kw>
<status status="PASS" starttime="20240728 14:06:13.953" endtime="20240728 14:06:13.953"/>
</kw>
<doc>I am the first Test Case</doc>
<status status="PASS" starttime="20240728 14:06:13.952" endtime="20240728 14:06:13.953"/>
</test>
<test id="s1-t2" name="TC002 - Testcase 2" line="12">
<kw name="Do Another Thing">
<kw name="Log" library="BuiltIn">
<arg>I am doing Another Things</arg>
<doc>Logs the given message with the given level.</doc>
<msg timestamp="20240728 14:06:13.955" level="INFO">I am doing Another Things</msg>
<status status="PASS" starttime="20240728 14:06:13.955" endtime="20240728 14:06:13.955"/>
</kw>
<status status="PASS" starttime="20240728 14:06:13.955" endtime="20240728 14:06:13.955"/>
</kw>
<kw name="Do Something">
<kw name="Log" library="BuiltIn">
<arg>I am doing something</arg>
<doc>Logs the given message with the given level.</doc>
<msg timestamp="20240728 14:06:13.955" level="INFO">I am doing something</msg>
<status status="PASS" starttime="20240728 14:06:13.955" endtime="20240728 14:06:13.955"/>
</kw>
<status status="PASS" starttime="20240728 14:06:13.955" endtime="20240728 14:06:13.956"/>
</kw>
<status status="PASS" starttime="20240728 14:06:13.954" endtime="20240728 14:06:13.956"/>
</test>
<doc>I am a demo test</doc>
<status status="PASS" starttime="20240728 14:06:13.899" endtime="20240728 14:06:13.956"/>
</suite>
<statistics>
<total>
<stat pass="2" fail="0" skip="0">All Tests</stat>
</total>
<tag>
</tag>
<suite>
<stat pass="2" fail="0" skip="0" id="s1" name="Test">Test</stat>
</suite>
</statistics>
<errors>
</errors>
</robot>
